[0.014s] Invoking command in '/home/user/ros2_ws/src/escape_room/build/escape_room': CMAKE_PREFIX_PATH=${CMAKE_PREFIX_PATH}:/opt/ros/humble /usr/bin/cmake /home/user/ros2_ws/src/escape_room -DCMAKE_INSTALL_PREFIX=/home/user/ros2_ws/src/escape_room/install/escape_room
[0.080s] -- The C compiler identification is GNU 11.4.0
[0.139s] -- The CXX compiler identification is GNU 11.4.0
[0.145s] -- Detecting C compiler ABI info
[0.259s] -- Detecting C compiler ABI info - done
[0.279s] -- Check for working C compiler: /usr/bin/cc - skipped
[0.280s] -- Detecting C compile features
[0.280s] -- Detecting C compile features - done
[0.286s] -- Detecting CXX compiler ABI info
[0.456s] -- Detecting CXX compiler ABI info - done
[0.465s] -- Check for working CXX compiler: /usr/bin/c++ - skipped
[0.468s] -- Detecting CXX compile features
[0.468s] -- Detecting CXX compile features - done
[0.479s] -- Found ament_cmake: 1.3.12 (/opt/ros/humble/share/ament_cmake/cmake)
[0.685s] -- Found Python3: /usr/bin/python3 (found version "3.10.12") found components: Interpreter 
[0.845s] -- Found geometry_msgs: 4.9.0 (/opt/ros/humble/share/geometry_msgs/cmake)
[0.923s] -- Found rosidl_generator_c: 3.1.8 (/opt/ros/humble/share/rosidl_generator_c/cmake)
[0.937s] -- Found rosidl_adapter: 3.1.8 (/opt/ros/humble/share/rosidl_adapter/cmake)
[0.954s] -- Found rosidl_generator_cpp: 3.1.8 (/opt/ros/humble/share/rosidl_generator_cpp/cmake)
[0.979s] -- Using all available rosidl_typesupport_c: rosidl_typesupport_fastrtps_c;rosidl_typesupport_introspection_c
[1.013s] -- Using all available rosidl_typesupport_cpp: rosidl_typesupport_fastrtps_cpp;rosidl_typesupport_introspection_cpp
[1.051s] -- Found nav_msgs: 4.9.0 (/opt/ros/humble/share/nav_msgs/cmake)
[1.067s] -- Found sensor_msgs: 4.9.0 (/opt/ros/humble/share/sensor_msgs/cmake)
[1.083s] -- Found rclcpp: 16.0.17 (/opt/ros/humble/share/rclcpp/cmake)
[1.125s] -- Found rmw_implementation_cmake: 6.1.2 (/opt/ros/humble/share/rmw_implementation_cmake/cmake)
[1.130s] -- Found rmw_fastrtps_cpp: 6.2.9 (/opt/ros/humble/share/rmw_fastrtps_cpp/cmake)
[1.281s] -- Found OpenSSL: /usr/lib/x86_64-linux-gnu/libcrypto.so (found version "3.0.2")  
[1.317s] -- Found FastRTPS: /opt/ros/humble/include  
[1.365s] -- Using RMW implementation 'rmw_fastrtps_cpp' as default
[1.451s] -- Looking for pthread.h
[1.523s] -- Looking for pthread.h - found
[1.523s] -- Performing Test CMAKE_HAVE_LIBC_PTHREAD
[1.622s] -- Performing Test CMAKE_HAVE_LIBC_PTHREAD - Success
[1.624s] -- Found Threads: TRUE  
[1.657s] -- Found urdf: 2.6.1 (/opt/ros/humble/share/urdf/cmake)
[1.692s] -- Found xacro: 2.1.1 (/opt/ros/humble/share/xacro/cmake)
[1.695s] -- Found tf2: 0.25.18 (/opt/ros/humble/share/tf2/cmake)
[1.699s] -- Found tf2_ros: 0.25.18 (/opt/ros/humble/share/tf2_ros/cmake)
[1.815s] -- Configuring done
[1.823s] -- Generating done
[1.826s] -- Build files have been written to: /home/user/ros2_ws/src/escape_room/build/escape_room
[1.833s] Invoked command in '/home/user/ros2_ws/src/escape_room/build/escape_room' returned '0': CMAKE_PREFIX_PATH=${CMAKE_PREFIX_PATH}:/opt/ros/humble /usr/bin/cmake /home/user/ros2_ws/src/escape_room -DCMAKE_INSTALL_PREFIX=/home/user/ros2_ws/src/escape_room/install/escape_room
[1.836s] Invoking command in '/home/user/ros2_ws/src/escape_room/build/escape_room': CMAKE_PREFIX_PATH=${CMAKE_PREFIX_PATH}:/opt/ros/humble /usr/bin/cmake --build /home/user/ros2_ws/src/escape_room/build/escape_room -- -j12 -l12
[1.887s] [ 50%] [32mBuilding CXX object CMakeFiles/dynamic_tf_publisher.dir/src/odom_bl_tf.cpp.o[0m
[5.198s] gmake[2]: *** [CMakeFiles/dynamic_tf_publisher.dir/build.make:76: CMakeFiles/dynamic_tf_publisher.dir/src/odom_bl_tf.cpp.o] Interrupt
[5.198s] gmake[1]: *** [CMakeFiles/Makefile2:137: CMakeFiles/dynamic_tf_publisher.dir/all] Interrupt
[5.198s] gmake: *** [Makefile:146: all] Interrupt
[5.228s] Invoked command in '/home/user/ros2_ws/src/escape_room/build/escape_room' returned '-2': CMAKE_PREFIX_PATH=${CMAKE_PREFIX_PATH}:/opt/ros/humble /usr/bin/cmake --build /home/user/ros2_ws/src/escape_room/build/escape_room -- -j12 -l12
